2026-05-13 13:36:59 INFO  com.rupp.student.StudentApplication - Starting StudentApplication using Java 21.0.6 with PID 7148 (C:\Users\RongRong\Desktop\doc\student\target\classes started by RongRong in C:\Users\RongRong\Desktop\doc\student)
2026-05-13 13:36:59 INFO  com.rupp.student.StudentApplication - No active profile set, falling back to 1 default profile: "default"
2026-05-13 13:37:05 INFO  com.rupp.student.StudentApplication - Started StudentApplication in 6.22 seconds (process running for 6.964)
2026-05-13 13:48:26 INFO  c.rupp.student.config.LoggingFilter - Request POST /api/v1/user/register {
    "username":"user1",
    "password":"123",
    "role":"admin"
}
2026-05-13 13:48:26 INFO  c.rupp.student.config.LoggingFilter - Response 200 OK User registered
2026-05-13 13:51:04 INFO  c.rupp.student.config.LoggingFilter - Request POST /api/v1/user/login {
    "username":"user1",
    "password":"123",
    "role":"admin"
}
2026-05-13 13:51:04 INFO  c.rupp.student.config.LoggingFilter - Response 200 OK eyJhbGciOiJIUzI1NiJ9.eyJzdWIiOiJ1c2VyMSIsImlhdCI6MTc3ODY1NTA2NCwiZXhwIjoxNzc4NjU4NjY0fQ._ZlWOTb9gd7wOvI3W5jcPyV39DK1yNSQblGL8YUT7Zg
2026-05-13 13:51:58 INFO  c.rupp.student.config.LoggingFilter - Request POST /api/v1/user/login {
    "username":"user1",
    "password":"123",
    "role":"admin"
}
2026-05-13 13:51:58 INFO  c.rupp.student.config.LoggingFilter - Response 200 OK eyJhbGciOiJIUzI1NiJ9.eyJzdWIiOiJ1c2VyMSIsImlhdCI6MTc3ODY1NTExOCwiZXhwIjoxNzc4NjU4NzE4fQ.7TfR2nATgfc8PQJiyNAsbQ-COMVHx9W8nVGLAV94STY
2026-05-13 13:52:39 INFO  c.rupp.student.config.LoggingFilter - Request GET /api/v1/student 
2026-05-13 13:52:39 INFO  c.rupp.student.config.LoggingFilter - Response 200 OK {"status":"OK","data":"Hello World","error":null}
2026-05-13 14:08:54 INFO  com.rupp.student.StudentApplication - Starting StudentApplication using Java 21.0.6 with PID 16420 (C:\Users\RongRong\Desktop\doc\student\target\classes started by RongRong in C:\Users\RongRong\Desktop\doc\student)
2026-05-13 14:08:54 INFO  com.rupp.student.StudentApplication - No active profile set, falling back to 1 default profile: "default"
2026-05-13 14:09:00 INFO  com.rupp.student.StudentApplication - Started StudentApplication in 6.058 seconds (process running for 6.947)
